Build started 8/13/2015 1:21:17 PM.
     1>Project "C:\Users\adams_000\Documents\Visual Studio 2013\Projects\GamesTechCoursework\VC\Engine\Engine.vcxproj" on node 2 (Build target(s)).
     1>ClCompile:
         C:\Program Files (x86)\Microsoft Visual Studio 12.0\VC\bin\CL.exe /c /I../../include /ZI /nologo /W3 /WX- /Od /Oy- /D WIN32 /D _DEBUG /D _LIB /D _VC80_UPGRADE=0x0710 /D _MBCS /Gm /EHsc /RTC1 /MTd /GS /fp:precise /Zc:wchar_t /Zc:forScope /Fo"Debug\\" /Fd"Debug\vc120.pdb" /Gd /TP /analyze- /errorReport:prompt ..\..\src\GameObject.cpp ..\..\src\GameWorld.cpp
         Skipping... (no relevant changes detected)
         GameWorld.cpp
         GameObject.cpp
       Lib:
         C:\Program Files (x86)\Microsoft Visual Studio 12.0\VC\bin\Lib.exe /OUT:"C:\Users\adams_000\Documents\Visual Studio 2013\Projects\GamesTechCoursework\VC\Asteroids\Debug\..\..\..\lib\\..\lib\Engine.lib" FreeImage.lib /LIBPATH:../../lib /NOLOGO Debug\Animation.obj
         Debug\AnimationManager.obj
         Debug\GameDisplay.obj
         Debug\GameObject.obj
         Debug\GameObjectType.obj
         Debug\GameSession.obj
         Debug\GameWindow.obj
         Debug\GameWorld.obj
         Debug\GlutSession.obj
         Debug\GlutWindow.obj
         Debug\GLVector.obj
         Debug\GUIComponent.obj
         Debug\GUIContainer.obj
         Debug\GUIIcon.obj
         Debug\GUILabel.obj
         Debug\Image.obj
         Debug\ImageManager.obj
         Debug\MovementController.obj
         Debug\Shape.obj
         Debug\Sprite.obj
         Debug\Texture.obj
         Debug\TextureManager.obj
         Engine.vcxproj -> C:\Users\adams_000\Documents\Visual Studio 2013\Projects\GamesTechCoursework\VC\Asteroids\Debug\..\..\..\lib\Engine.lib
     1>Done Building Project "C:\Users\adams_000\Documents\Visual Studio 2013\Projects\GamesTechCoursework\VC\Engine\Engine.vcxproj" (Build target(s)).

Build succeeded.

Time Elapsed 00:00:00.76
